<?xml version="1.0" encoding="UTF-8"?>
<robot generator="Robot 7.0 (Python 3.11.8 on win32)" generated="2024-02-21T18:34:18.168985" rpa="false" schemaversion="5">
<suite id="s1" name="Treinamento Robot" source="C:\Users\thais.pereira_sankhy\Desktop\Thaís\Thaís - Backup\Sankhya\Fiscal Contábil\QA\QA\treinamento_robot\treinamento_robot">
<suite id="s1-s1" name="Ex01" source="C:\Users\thais.pereira_sankhy\Desktop\Thaís\Thaís - Backup\Sankhya\Fiscal Contábil\QA\QA\treinamento_robot\treinamento_robot\Ex01.robot">
<test id="s1-s1-t1" name="Imprimi Lista de Frutas" line="18">
<kw name="Log To Console" owner="BuiltIn">
<arg>${FRUTAS}[0]</arg>
<doc>Logs the given message to the console.</doc>
<status status="PASS" start="2024-02-21T18:34:18.214211" elapsed="0.000996"/>
</kw>
<kw name="Log To Console" owner="BuiltIn">
<arg>${FRUTAS}[1]</arg>
<doc>Logs the given message to the console.</doc>
<status status="PASS" start="2024-02-21T18:34:18.216210" elapsed="0.001263"/>
</kw>
<kw name="Log To Console" owner="BuiltIn">
<arg>${FRUTAS}[2]</arg>
<doc>Logs the given message to the console.</doc>
<status status="PASS" start="2024-02-21T18:34:18.218210" elapsed="0.001002"/>
</kw>
<kw name="Log To Console" owner="BuiltIn">
<arg>${FRUTAS}[3]</arg>
<doc>Logs the given message to the console.</doc>
<status status="PASS" start="2024-02-21T18:34:18.221284" elapsed="0.001926"/>
</kw>
<status status="PASS" start="2024-02-21T18:34:18.213211" elapsed="0.011004"/>
</test>
<status status="PASS" start="2024-02-21T18:34:18.209208" elapsed="0.017001"/>
</suite>
<status status="PASS" start="2024-02-21T18:34:18.175011" elapsed="0.053197"/>
</suite>
<statistics>
<total>
<stat pass="1" fail="0" skip="0">All Tests</stat>
</total>
<tag>
</tag>
<suite>
<stat pass="1" fail="0" skip="0" id="s1" name="Treinamento Robot">Treinamento Robot</stat>
<stat pass="1" fail="0" skip="0" id="s1-s1" name="Ex01">Treinamento Robot.Ex01</stat>
</suite>
</statistics>
<errors>
</errors>
</robot>
